Processing with Exam_reachability_predicate_version.mzn...
Solving instance 1 with script Exam_reachability_predicate_version.mzn using GeCode...
Instance 1 using Exam_reachability_predicate_version.mzn with GeCode
% time elapsed: 300.43 s
Solving instance 1 with script Exam_reachability_predicate_version.mzn using HiGHS...
Instance 1 using Exam_reachability_predicate_version.mzn with HiGHS
% time elapsed: 300.38 s
Solving instance 2 with script Exam_reachability_predicate_version.mzn using GeCode...
Instance 2 using Exam_reachability_predicate_version.mzn with GeCode
% time elapsed: 300.36 s
Solving instance 2 with script Exam_reachability_predicate_version.mzn using HiGHS...
Instance 2 using Exam_reachability_predicate_version.mzn with HiGHS
% time elapsed: 300.54 s
Solving instance 3 with script Exam_reachability_predicate_version.mzn using GeCode...
Instance 3 using Exam_reachability_predicate_version.mzn with GeCode
% time elapsed: 300.31 s
Solving instance 3 with script Exam_reachability_predicate_version.mzn using HiGHS...
Instance 3 using Exam_reachability_predicate_version.mzn with HiGHS
% time elapsed: 300.28 s
Solving instance 4 with script Exam_reachability_predicate_version.mzn using GeCode...
Instance 4 using Exam_reachability_predicate_version.mzn with GeCode
% time elapsed: 300.25 s
Solving instance 4 with script Exam_reachability_predicate_version.mzn using HiGHS...
Instance 4 using Exam_reachability_predicate_version.mzn with HiGHS
% time elapsed: 300.24 s
Solving instance 5 with script Exam_reachability_predicate_version.mzn using GeCode...
Instance 5 using Exam_reachability_predicate_version.mzn with GeCode
% time elapsed: 147.07 s
Solving instance 5 with script Exam_reachability_predicate_version.mzn using HiGHS...
Instance 5 using Exam_reachability_predicate_version.mzn with HiGHS
% time elapsed: 121.52 s
Solving instance 6 with script Exam_reachability_predicate_version.mzn using GeCode...
Instance 6 using Exam_reachability_predicate_version.mzn with GeCode
% time elapsed: 38.96 s
Solving instance 6 with script Exam_reachability_predicate_version.mzn using HiGHS...
Instance 6 using Exam_reachability_predicate_version.mzn with HiGHS
% time elapsed: 168.72 s
Solving instance 7 with script Exam_reachability_predicate_version.mzn using GeCode...
Instance 7 using Exam_reachability_predicate_version.mzn with GeCode
% time elapsed: 4.52 s
Solving instance 7 with script Exam_reachability_predicate_version.mzn using HiGHS...
Instance 7 using Exam_reachability_predicate_version.mzn with HiGHS
% time elapsed: 59.83 s
Solving instance 8 with script Exam_reachability_predicate_version.mzn using GeCode...
Instance 8 using Exam_reachability_predicate_version.mzn with GeCode
% time elapsed: 6.43 s
Solving instance 8 with script Exam_reachability_predicate_version.mzn using HiGHS...
Instance 8 using Exam_reachability_predicate_version.mzn with HiGHS
% time elapsed: 60.60 s
Solving instance 9 with script Exam_reachability_predicate_version.mzn using GeCode...
Instance 9 using Exam_reachability_predicate_version.mzn with GeCode
% time elapsed: 1.86 s
Solving instance 9 with script Exam_reachability_predicate_version.mzn using HiGHS...
Instance 9 using Exam_reachability_predicate_version.mzn with HiGHS
% time elapsed: 34.00 s
Solving instance 10 with script Exam_reachability_predicate_version.mzn using GeCode...
Instance 10 using Exam_reachability_predicate_version.mzn with GeCode
% time elapsed: 1.03 s
Solving instance 10 with script Exam_reachability_predicate_version.mzn using HiGHS...
Instance 10 using Exam_reachability_predicate_version.mzn with HiGHS
% time elapsed: 22.61 s
Finished processing with Exam_reachability_predicate_version.mzn.
Processing with Exam_steiner_predicate.mzn...
Solving instance 1 with script Exam_steiner_predicate.mzn using GeCode...
Instance 1 using Exam_steiner_predicate.mzn with GeCode
% time elapsed: 300.18 s
Solving instance 1 with script Exam_steiner_predicate.mzn using HiGHS...
Instance 1 using Exam_steiner_predicate.mzn with HiGHS
% time elapsed: 300.08 s
Solving instance 2 with script Exam_steiner_predicate.mzn using GeCode...
Instance 2 using Exam_steiner_predicate.mzn with GeCode
% time elapsed: 300.09 s
Solving instance 2 with script Exam_steiner_predicate.mzn using HiGHS...
Instance 2 using Exam_steiner_predicate.mzn with HiGHS
% time elapsed: 274.02 s
Solving instance 3 with script Exam_steiner_predicate.mzn using GeCode...
Instance 3 using Exam_steiner_predicate.mzn with GeCode
% time elapsed: 300.06 s
Solving instance 3 with script Exam_steiner_predicate.mzn using HiGHS...
Instance 3 using Exam_steiner_predicate.mzn with HiGHS
% time elapsed: 94.44 s
Solving instance 4 with script Exam_steiner_predicate.mzn using GeCode...
Instance 4 using Exam_steiner_predicate.mzn with GeCode
% time elapsed: 300.06 s
Solving instance 4 with script Exam_steiner_predicate.mzn using HiGHS...
Instance 4 using Exam_steiner_predicate.mzn with HiGHS
% time elapsed: 112.19 s
Solving instance 5 with script Exam_steiner_predicate.mzn using GeCode...
Instance 5 using Exam_steiner_predicate.mzn with GeCode
% time elapsed: 300.06 s
Solving instance 5 with script Exam_steiner_predicate.mzn using HiGHS...
Instance 5 using Exam_steiner_predicate.mzn with HiGHS
% time elapsed: 80.87 s
Solving instance 6 with script Exam_steiner_predicate.mzn using GeCode...
Instance 6 using Exam_steiner_predicate.mzn with GeCode
% time elapsed: 165.14 s
Solving instance 6 with script Exam_steiner_predicate.mzn using HiGHS...
Instance 6 using Exam_steiner_predicate.mzn with HiGHS
% time elapsed: 31.96 s
Solving instance 7 with script Exam_steiner_predicate.mzn using GeCode...
Instance 7 using Exam_steiner_predicate.mzn with GeCode
% time elapsed: 24.69 s
Solving instance 7 with script Exam_steiner_predicate.mzn using HiGHS...
Instance 7 using Exam_steiner_predicate.mzn with HiGHS
% time elapsed: 15.65 s
Solving instance 8 with script Exam_steiner_predicate.mzn using GeCode...
Instance 8 using Exam_steiner_predicate.mzn with GeCode
% time elapsed: 19.53 s
Solving instance 8 with script Exam_steiner_predicate.mzn using HiGHS...
Instance 8 using Exam_steiner_predicate.mzn with HiGHS
% time elapsed: 18.92 s
Solving instance 9 with script Exam_steiner_predicate.mzn using GeCode...
Instance 9 using Exam_steiner_predicate.mzn with GeCode
% time elapsed: 3.93 s
Solving instance 9 with script Exam_steiner_predicate.mzn using HiGHS...
Instance 9 using Exam_steiner_predicate.mzn with HiGHS
% time elapsed: 15.24 s
Solving instance 10 with script Exam_steiner_predicate.mzn using GeCode...
Instance 10 using Exam_steiner_predicate.mzn with GeCode
% time elapsed: 1.81 s
Solving instance 10 with script Exam_steiner_predicate.mzn using HiGHS...
Instance 10 using Exam_steiner_predicate.mzn with HiGHS
% time elapsed: 5.42 s
Finished processing with Exam_steiner_predicate.mzn.
Processing with Exam_weighted_ST_predicate.mzn...
Solving instance 1 with script Exam_weighted_ST_predicate.mzn using GeCode...
Instance 1 using Exam_weighted_ST_predicate.mzn with GeCode
% time elapsed: 300.07 s
Solving instance 1 with script Exam_weighted_ST_predicate.mzn using HiGHS...
Instance 1 using Exam_weighted_ST_predicate.mzn with HiGHS
% time elapsed: 229.63 s
Solving instance 2 with script Exam_weighted_ST_predicate.mzn using GeCode...
Instance 2 using Exam_weighted_ST_predicate.mzn with GeCode
% time elapsed: 300.07 s
Solving instance 2 with script Exam_weighted_ST_predicate.mzn using HiGHS...
Instance 2 using Exam_weighted_ST_predicate.mzn with HiGHS
% time elapsed: 295.31 s
Solving instance 3 with script Exam_weighted_ST_predicate.mzn using GeCode...
Instance 3 using Exam_weighted_ST_predicate.mzn with GeCode
% time elapsed: 300.07 s
Solving instance 3 with script Exam_weighted_ST_predicate.mzn using HiGHS...
Instance 3 using Exam_weighted_ST_predicate.mzn with HiGHS
% time elapsed: 83.62 s
Solving instance 4 with script Exam_weighted_ST_predicate.mzn using GeCode...
Instance 4 using Exam_weighted_ST_predicate.mzn with GeCode
% time elapsed: 300.07 s
Solving instance 4 with script Exam_weighted_ST_predicate.mzn using HiGHS...
Instance 4 using Exam_weighted_ST_predicate.mzn with HiGHS
% time elapsed: 149.59 s
Solving instance 5 with script Exam_weighted_ST_predicate.mzn using GeCode...
Instance 5 using Exam_weighted_ST_predicate.mzn with GeCode
% time elapsed: 300.05 s
Solving instance 5 with script Exam_weighted_ST_predicate.mzn using HiGHS...
Instance 5 using Exam_weighted_ST_predicate.mzn with HiGHS
% time elapsed: 99.63 s
Solving instance 6 with script Exam_weighted_ST_predicate.mzn using GeCode...
Instance 6 using Exam_weighted_ST_predicate.mzn with GeCode
% time elapsed: 150.09 s
Solving instance 6 with script Exam_weighted_ST_predicate.mzn using HiGHS...
Instance 6 using Exam_weighted_ST_predicate.mzn with HiGHS
% time elapsed: 33.05 s
Solving instance 7 with script Exam_weighted_ST_predicate.mzn using GeCode...
Instance 7 using Exam_weighted_ST_predicate.mzn with GeCode
% time elapsed: 24.59 s
Solving instance 7 with script Exam_weighted_ST_predicate.mzn using HiGHS...
Instance 7 using Exam_weighted_ST_predicate.mzn with HiGHS
% time elapsed: 18.25 s
Solving instance 8 with script Exam_weighted_ST_predicate.mzn using GeCode...
Instance 8 using Exam_weighted_ST_predicate.mzn with GeCode
% time elapsed: 19.91 s
Solving instance 8 with script Exam_weighted_ST_predicate.mzn using HiGHS...
Instance 8 using Exam_weighted_ST_predicate.mzn with HiGHS
% time elapsed: 17.80 s
Solving instance 9 with script Exam_weighted_ST_predicate.mzn using GeCode...
Instance 9 using Exam_weighted_ST_predicate.mzn with GeCode
% time elapsed: 3.93 s
Solving instance 9 with script Exam_weighted_ST_predicate.mzn using HiGHS...
Instance 9 using Exam_weighted_ST_predicate.mzn with HiGHS
% time elapsed: 16.37 s
Solving instance 10 with script Exam_weighted_ST_predicate.mzn using GeCode...
Instance 10 using Exam_weighted_ST_predicate.mzn with GeCode
% time elapsed: 1.82 s
Solving instance 10 with script Exam_weighted_ST_predicate.mzn using HiGHS...
Instance 10 using Exam_weighted_ST_predicate.mzn with HiGHS
% time elapsed: 8.26 s
Finished processing with Exam_weighted_ST_predicate.mzn.
